[debug] [2023-11-29T15:40:27.891Z] ----------------------------------------------------------------------
[debug] [2023-11-29T15:40:27.892Z] Command:       C:\Program Files\nodejs\node.exe C:\Program Files\nodejs\node_modules\firebase-tools\lib\bin\firebase.js init
[debug] [2023-11-29T15:40:27.893Z] CLI Version:   12.9.1
[debug] [2023-11-29T15:40:27.894Z] Platform:      win32
[debug] [2023-11-29T15:40:27.894Z] Node Version:  v18.16.0
[debug] [2023-11-29T15:40:27.895Z] Time:          Wed Nov 29 2023 22:40:27 GMT+0700 (Indochina Time)
[debug] [2023-11-29T15:40:27.895Z] ----------------------------------------------------------------------
[debug] 
[debug] [2023-11-29T15:40:27.958Z] > command requires scopes: ["email","openid","https://www.googleapis.com/auth/cloudplatformprojects.readonly","https://www.googleapis.com/auth/firebase","https://www.googleapis.com/auth/cloud-platform"]
[debug] [2023-11-29T15:40:27.959Z] > authorizing via signed-in user (manhtruong2001nt@gmail.com)
[info] 
     ######## #### ########  ######## ########     ###     ######  ########
     ##        ##  ##     ## ##       ##     ##  ##   ##  ##       ##
     ######    ##  ########  ######   ########  #########  ######  ######
     ##        ##  ##    ##  ##       ##     ## ##     ##       ## ##
     ##       #### ##     ## ######## ########  ##     ##  ######  ########

You're about to initialize a Firebase project in this directory:

  D:\ReactJsProject\sdfgsdfg\client

Before we get started, keep in mind:

  * You are initializing within an existing Firebase project directory

[info] 
=== Project Setup
[info] 
[info] First, let's associate this project directory with a Firebase project.
[info] You can create multiple project aliases by running firebase use --add, 
[info] but for now we'll just set up a default project.
[info] 
[debug] [2023-11-29T15:40:36.600Z] Using project from CLI flag: ticket-truong-client
[debug] [2023-11-29T15:40:36.602Z] >>> [apiv2][query] GET https://firebase.googleapis.com/v1beta1/projects/ticket-truong-client [none]
[debug] [2023-11-29T15:40:37.673Z] <<< [apiv2][status] GET https://firebase.googleapis.com/v1beta1/projects/ticket-truong-client 200
[debug] [2023-11-29T15:40:37.673Z] <<< [apiv2][body] GET https://firebase.googleapis.com/v1beta1/projects/ticket-truong-client {"projectId":"ticket-truong-client","projectNumber":"589863725881","displayName":"ticket-truong-client","name":"projects/ticket-truong-client","resources":{"hostingSite":"ticket-truong-client"},"state":"ACTIVE","etag":"1_0340c2c2-9f5c-412d-9285-fbab6b8750bb"}
[info] i  Using project ticket-truong-client (ticket-truong-client) 
[info] 
=== Hosting Setup
[debug] [2023-11-29T15:40:37.689Z] >>> [apiv2][query] GET https://firebase.googleapis.com/v1beta1/projects/ticket-truong-client [none]
[debug] [2023-11-29T15:40:38.251Z] <<< [apiv2][status] GET https://firebase.googleapis.com/v1beta1/projects/ticket-truong-client 200
[debug] [2023-11-29T15:40:38.252Z] <<< [apiv2][body] GET https://firebase.googleapis.com/v1beta1/projects/ticket-truong-client {"projectId":"ticket-truong-client","projectNumber":"589863725881","displayName":"ticket-truong-client","name":"projects/ticket-truong-client","resources":{"hostingSite":"ticket-truong-client"},"state":"ACTIVE","etag":"1_0340c2c2-9f5c-412d-9285-fbab6b8750bb"}
[info] 
[info] Your public directory is the folder (relative to your project directory) that
[info] will contain Hosting assets to be uploaded with firebase deploy. If you
[info] have a build process for your assets, use your build's output directory.
[info] 
